%MSG-w ColorDrawingOptions:  Early 03-Aug-2022 05:48:48 CDT JobSetup
only 1 value given for raw color scale: number of divisions, low and high values.
Pad out those values for the number of signal types.
%MSG
%MSG-w ColorDrawingOptions:  Early 03-Aug-2022 05:48:48 CDT JobSetup
only 1 value given for reco color scale: number of divisions, low and high values.
Pad out those values for the number of signal types.
%MSG
03-Aug-2022 05:48:49 CDT  Initiating request to open input file "/pnfs/sbnd/persistent/users/tham/showers/energy_reco_tech_note/electron_vertex_bnblike_XZ_plane_cheating_2/reco/25245208_0/prodsingle_sbnd_SinglesGen-20211019T163328_G4-20211019T165721_13c4b67d-341f-4497-a078-1daa91839835_DetSim-20211019T233329_Reco1Reco2-20211020T084145.root"
03-Aug-2022 05:48:50 CDT  Opened input file "/pnfs/sbnd/persistent/users/tham/showers/energy_reco_tech_note/electron_vertex_bnblike_XZ_plane_cheating_2/reco/25245208_0/prodsingle_sbnd_SinglesGen-20211019T163328_G4-20211019T165721_13c4b67d-341f-4497-a078-1daa91839835_DetSim-20211019T233329_Reco1Reco2-20211020T084145.root"
03-Aug-2022 05:48:53 CDT  Closed input file "/pnfs/sbnd/persistent/users/tham/showers/energy_reco_tech_note/electron_vertex_bnblike_XZ_plane_cheating_2/reco/25245208_0/prodsingle_sbnd_SinglesGen-20211019T163328_G4-20211019T165721_13c4b67d-341f-4497-a078-1daa91839835_DetSim-20211019T233329_Reco1Reco2-20211020T084145.root"
03-Aug-2022 05:48:53 CDT  Initiating request to open input file "/pnfs/sbnd/persistent/users/tham/showers/energy_reco_tech_note/electron_vertex_bnblike_XZ_plane_cheating_2/reco/25245208_1/prodsingle_sbnd_SinglesGen-20211019T163751_G4-20211019T165739_5734311c-b580-41f3-a49b-52039e193bb4_DetSim-20211019T233911_Reco1Reco2-20211020T084031.root"
03-Aug-2022 05:48:53 CDT  Opened input file "/pnfs/sbnd/persistent/users/tham/showers/energy_reco_tech_note/electron_vertex_bnblike_XZ_plane_cheating_2/reco/25245208_1/prodsingle_sbnd_SinglesGen-20211019T163751_G4-20211019T165739_5734311c-b580-41f3-a49b-52039e193bb4_DetSim-20211019T233911_Reco1Reco2-20211020T084031.root"
03-Aug-2022 05:48:53 CDT  Closed input file "/pnfs/sbnd/persistent/users/tham/showers/energy_reco_tech_note/electron_vertex_bnblike_XZ_plane_cheating_2/reco/25245208_1/prodsingle_sbnd_SinglesGen-20211019T163751_G4-20211019T165739_5734311c-b580-41f3-a49b-52039e193bb4_DetSim-20211019T233911_Reco1Reco2-20211020T084031.root"
03-Aug-2022 05:48:53 CDT  Initiating request to open input file "/pnfs/sbnd/persistent/users/tham/showers/energy_reco_tech_note/electron_vertex_bnblike_XZ_plane_cheating_2/reco/25245208_2/prodsingle_sbnd_SinglesGen-20211019T163329_G4-20211019T165628_18e67fb4-f9da-41a6-a934-193ccf03bd39_DetSim-20211019T234610_Reco1Reco2-20211020T084508.root"
03-Aug-2022 05:48:53 CDT  Opened input file "/pnfs/sbnd/persistent/users/tham/showers/energy_reco_tech_note/electron_vertex_bnblike_XZ_plane_cheating_2/reco/25245208_2/prodsingle_sbnd_SinglesGen-20211019T163329_G4-20211019T165628_18e67fb4-f9da-41a6-a934-193ccf03bd39_DetSim-20211019T234610_Reco1Reco2-20211020T084508.root"
03-Aug-2022 05:48:54 CDT  Closed input file "/pnfs/sbnd/persistent/users/tham/showers/energy_reco_tech_note/electron_vertex_bnblike_XZ_plane_cheating_2/reco/25245208_2/prodsingle_sbnd_SinglesGen-20211019T163329_G4-20211019T165628_18e67fb4-f9da-41a6-a934-193ccf03bd39_DetSim-20211019T234610_Reco1Reco2-20211020T084508.root"
03-Aug-2022 05:48:54 CDT  Initiating request to open input file "/pnfs/sbnd/persistent/users/tham/showers/energy_reco_tech_note/electron_vertex_bnblike_XZ_plane_cheating_2/reco/25245208_3/prodsingle_sbnd_SinglesGen-20211019T164040_G4-20211019T170022_f2a3ce56-6354-45ae-9499-e2aa6df32e57_DetSim-20211019T231728_Reco1Reco2-20211020T081950.root"
03-Aug-2022 05:48:54 CDT  Opened input file "/pnfs/sbnd/persistent/users/tham/showers/energy_reco_tech_note/electron_vertex_bnblike_XZ_plane_cheating_2/reco/25245208_3/prodsingle_sbnd_SinglesGen-20211019T164040_G4-20211019T170022_f2a3ce56-6354-45ae-9499-e2aa6df32e57_DetSim-20211019T231728_Reco1Reco2-20211020T081950.root"
03-Aug-2022 05:48:54 CDT  Closed input file "/pnfs/sbnd/persistent/users/tham/showers/energy_reco_tech_note/electron_vertex_bnblike_XZ_plane_cheating_2/reco/25245208_3/prodsingle_sbnd_SinglesGen-20211019T164040_G4-20211019T170022_f2a3ce56-6354-45ae-9499-e2aa6df32e57_DetSim-20211019T231728_Reco1Reco2-20211020T081950.root"
03-Aug-2022 05:48:54 CDT  Initiating request to open input file "/pnfs/sbnd/persistent/users/tham/showers/energy_reco_tech_note/electron_vertex_bnblike_XZ_plane_cheating_2/reco/25245208_4/prodsingle_sbnd_SinglesGen-20211019T163312_G4-20211019T165655_1a21115c-6bb4-4aec-a089-766faa3c4da7_DetSim-20211019T233523_Reco1Reco2-20211020T084620.root"
03-Aug-2022 05:48:54 CDT  Opened input file "/pnfs/sbnd/persistent/users/tham/showers/energy_reco_tech_note/electron_vertex_bnblike_XZ_plane_cheating_2/reco/25245208_4/prodsingle_sbnd_SinglesGen-20211019T163312_G4-20211019T165655_1a21115c-6bb4-4aec-a089-766faa3c4da7_DetSim-20211019T233523_Reco1Reco2-20211020T084620.root"
03-Aug-2022 05:48:54 CDT  Closed input file "/pnfs/sbnd/persistent/users/tham/showers/energy_reco_tech_note/electron_vertex_bnblike_XZ_plane_cheating_2/reco/25245208_4/prodsingle_sbnd_SinglesGen-20211019T163312_G4-20211019T165655_1a21115c-6bb4-4aec-a089-766faa3c4da7_DetSim-20211019T233523_Reco1Reco2-20211020T084620.root"
03-Aug-2022 05:48:54 CDT  Initiating request to open input file "/pnfs/sbnd/persistent/users/tham/showers/energy_reco_tech_note/electron_vertex_bnblike_XZ_plane_cheating_2/reco/25245208_5/prodsingle_sbnd_SinglesGen-20211019T163935_G4-20211019T165423_4275fbd2-5c02-4f58-aa76-4899c1c04b81_DetSim-20211020T001137_Reco1Reco2-20211020T084602.root"
03-Aug-2022 05:48:54 CDT  Opened input file "/pnfs/sbnd/persistent/users/tham/showers/energy_reco_tech_note/electron_vertex_bnblike_XZ_plane_cheating_2/reco/25245208_5/prodsingle_sbnd_SinglesGen-20211019T163935_G4-20211019T165423_4275fbd2-5c02-4f58-aa76-4899c1c04b81_DetSim-20211020T001137_Reco1Reco2-20211020T084602.root"
03-Aug-2022 05:48:54 CDT  Closed input file "/pnfs/sbnd/persistent/users/tham/showers/energy_reco_tech_note/electron_vertex_bnblike_XZ_plane_cheating_2/reco/25245208_5/prodsingle_sbnd_SinglesGen-20211019T163935_G4-20211019T165423_4275fbd2-5c02-4f58-aa76-4899c1c04b81_DetSim-20211020T001137_Reco1Reco2-20211020T084602.root"
03-Aug-2022 05:48:54 CDT  Initiating request to open input file "/pnfs/sbnd/persistent/users/tham/showers/energy_reco_tech_note/electron_vertex_bnblike_XZ_plane_cheating_2/reco/25245208_6/prodsingle_sbnd_SinglesGen-20211019T163707_G4-20211019T170257_86548977-1ecd-4f70-94c4-fb780d7e602e_DetSim-20211019T235637_Reco1Reco2-20211020T082107.root"
03-Aug-2022 05:48:54 CDT  Opened input file "/pnfs/sbnd/persistent/users/tham/showers/energy_reco_tech_note/electron_vertex_bnblike_XZ_plane_cheating_2/reco/25245208_6/prodsingle_sbnd_SinglesGen-20211019T163707_G4-20211019T170257_86548977-1ecd-4f70-94c4-fb780d7e602e_DetSim-20211019T235637_Reco1Reco2-20211020T082107.root"
03-Aug-2022 05:48:54 CDT  Closed input file "/pnfs/sbnd/persistent/users/tham/showers/energy_reco_tech_note/electron_vertex_bnblike_XZ_plane_cheating_2/reco/25245208_6/prodsingle_sbnd_SinglesGen-20211019T163707_G4-20211019T170257_86548977-1ecd-4f70-94c4-fb780d7e602e_DetSim-20211019T235637_Reco1Reco2-20211020T082107.root"
03-Aug-2022 05:48:54 CDT  Initiating request to open input file "/pnfs/sbnd/persistent/users/tham/showers/energy_reco_tech_note/electron_vertex_bnblike_XZ_plane_cheating_2/reco/25245208_7/prodsingle_sbnd_SinglesGen-20211019T163320_G4-20211019T165529_44ea22e5-55d6-40c7-adf4-d95ffbe3e4fa_DetSim-20211020T001558_Reco1Reco2-20211020T082042.root"
03-Aug-2022 05:48:54 CDT  Opened input file "/pnfs/sbnd/persistent/users/tham/showers/energy_reco_tech_note/electron_vertex_bnblike_XZ_plane_cheating_2/reco/25245208_7/prodsingle_sbnd_SinglesGen-20211019T163320_G4-20211019T165529_44ea22e5-55d6-40c7-adf4-d95ffbe3e4fa_DetSim-20211020T001558_Reco1Reco2-20211020T082042.root"
%MSG-w RawDataDrawer:  PostProcessPath end_path 03-Aug-2022 05:48:54 CDT  run: 1 subRun: 8 event: 1
no RawDigit collection 'InputTag: label = 'daq', instance = ''' found
%MSG
%MSG-w RawDataDrawer:  PostProcessPath end_path 03-Aug-2022 05:48:54 CDT  run: 1 subRun: 8 event: 1
no RawDigit collection 'InputTag: label = 'daq', instance = ''' found
%MSG
%MSG-w RawDataDrawer:  PostProcessPath end_path 03-Aug-2022 05:48:54 CDT  run: 1 subRun: 8 event: 1
no RawDigit collection 'InputTag: label = 'daq', instance = ''' found
%MSG
%MSG-w RawDataDrawer:  PostProcessPath end_path 03-Aug-2022 05:50:28 CDT  run: 1 subRun: 8 event: 1
no RawDigit collection 'InputTag: label = 'daq', instance = ''' found
%MSG
%MSG-w RecoBaseDrawer:  PostProcessPath end_path 03-Aug-2022 05:50:28 CDT  run: 1 subRun: 8 event: 1
RecoBaseDrawer::GetClusters failed with message:
---- ProductNotFound BEGIN
  Found zero products matching all selection criteria
    C++ type: std::vector<recob::Cluster>
    Module label: 'linecluster'
    Product instance name: ''
    Process name: (empty)
---- ProductNotFound END

%MSG
%MSG-w RawDataDrawer:  PostProcessPath end_path 03-Aug-2022 05:50:28 CDT  run: 1 subRun: 8 event: 1
no RawDigit collection 'InputTag: label = 'daq', instance = ''' found
%MSG
%MSG-w RecoBaseDrawer:  PostProcessPath end_path 03-Aug-2022 05:50:28 CDT  run: 1 subRun: 8 event: 1
RecoBaseDrawer::GetClusters failed with message:
---- ProductNotFound BEGIN
  Found zero products matching all selection criteria
    C++ type: std::vector<recob::Cluster>
    Module label: 'linecluster'
    Product instance name: ''
    Process name: (empty)
---- ProductNotFound END

%MSG
%MSG-w RawDataDrawer:  PostProcessPath end_path 03-Aug-2022 05:50:28 CDT  run: 1 subRun: 8 event: 1
no RawDigit collection 'InputTag: label = 'daq', instance = ''' found
%MSG
%MSG-w RecoBaseDrawer:  PostProcessPath end_path 03-Aug-2022 05:50:28 CDT  run: 1 subRun: 8 event: 1
RecoBaseDrawer::GetClusters failed with message:
---- ProductNotFound BEGIN
  Found zero products matching all selection criteria
    C++ type: std::vector<recob::Cluster>
    Module label: 'linecluster'
    Product instance name: ''
    Process name: (empty)
---- ProductNotFound END

%MSG
%MSG-w RawDataDrawer:  PostProcessPath end_path 03-Aug-2022 05:50:32 CDT  run: 1 subRun: 8 event: 1
no RawDigit collection 'InputTag: label = 'daq', instance = ''' found
%MSG
%MSG-w RecoBaseDrawer:  PostProcessPath end_path 03-Aug-2022 05:50:32 CDT  run: 1 subRun: 8 event: 1
RecoBaseDrawer::GetClusters failed with message:
---- ProductNotFound BEGIN
  Found zero products matching all selection criteria
    C++ type: std::vector<recob::Cluster>
    Module label: 'linecluster'
    Product instance name: ''
    Process name: (empty)
---- ProductNotFound END

%MSG
%MSG-w RawDataDrawer:  PostProcessPath end_path 03-Aug-2022 05:50:32 CDT  run: 1 subRun: 8 event: 1
no RawDigit collection 'InputTag: label = 'daq', instance = ''' found
%MSG
%MSG-w RecoBaseDrawer:  PostProcessPath end_path 03-Aug-2022 05:50:32 CDT  run: 1 subRun: 8 event: 1
RecoBaseDrawer::GetClusters failed with message:
---- ProductNotFound BEGIN
  Found zero products matching all selection criteria
    C++ type: std::vector<recob::Cluster>
    Module label: 'linecluster'
    Product instance name: ''
    Process name: (empty)
---- ProductNotFound END

%MSG
%MSG-w RawDataDrawer:  PostProcessPath end_path 03-Aug-2022 05:50:32 CDT  run: 1 subRun: 8 event: 1
no RawDigit collection 'InputTag: label = 'daq', instance = ''' found
%MSG
%MSG-w RecoBaseDrawer:  PostProcessPath end_path 03-Aug-2022 05:50:32 CDT  run: 1 subRun: 8 event: 1
RecoBaseDrawer::GetClusters failed with message:
---- ProductNotFound BEGIN
  Found zero products matching all selection criteria
    C++ type: std::vector<recob::Cluster>
    Module label: 'linecluster'
    Product instance name: ''
    Process name: (empty)
---- ProductNotFound END

%MSG
%MSG-w RawDataDrawer:  PostProcessPath end_path 03-Aug-2022 05:50:38 CDT  run: 1 subRun: 8 event: 26
no RawDigit collection 'InputTag: label = 'daq', instance = ''' found
%MSG
%MSG-w RecoBaseDrawer:  PostProcessPath end_path 03-Aug-2022 05:50:38 CDT  run: 1 subRun: 8 event: 26
RecoBaseDrawer::GetClusters failed with message:
---- ProductNotFound BEGIN
  Found zero products matching all selection criteria
    C++ type: std::vector<recob::Cluster>
    Module label: 'linecluster'
    Product instance name: ''
    Process name: (empty)
---- ProductNotFound END

%MSG
%MSG-w RawDataDrawer:  PostProcessPath end_path 03-Aug-2022 05:50:38 CDT  run: 1 subRun: 8 event: 26
no RawDigit collection 'InputTag: label = 'daq', instance = ''' found
%MSG
%MSG-w RecoBaseDrawer:  PostProcessPath end_path 03-Aug-2022 05:50:38 CDT  run: 1 subRun: 8 event: 26
RecoBaseDrawer::GetClusters failed with message:
---- ProductNotFound BEGIN
  Found zero products matching all selection criteria
    C++ type: std::vector<recob::Cluster>
    Module label: 'linecluster'
    Product instance name: ''
    Process name: (empty)
---- ProductNotFound END

%MSG
%MSG-w RawDataDrawer:  PostProcessPath end_path 03-Aug-2022 05:50:38 CDT  run: 1 subRun: 8 event: 26
no RawDigit collection 'InputTag: label = 'daq', instance = ''' found
%MSG
%MSG-w RecoBaseDrawer:  PostProcessPath end_path 03-Aug-2022 05:50:38 CDT  run: 1 subRun: 8 event: 26
RecoBaseDrawer::GetClusters failed with message:
---- ProductNotFound BEGIN
  Found zero products matching all selection criteria
    C++ type: std::vector<recob::Cluster>
    Module label: 'linecluster'
    Product instance name: ''
    Process name: (empty)
---- ProductNotFound END

%MSG
